SF:C:\VSProjects\Week3_ASPNETCore\Week3_ASPNETCore\AuthAPI\AuthAPI.Application\Mappings\UserMappingProfile.cs
FN:8,System.Void AuthAPI.Application.Mappings.UserMappingProfile::.ctor()
FNDA:0,System.Void AuthAPI.Application.Mappings.UserMappingProfile::.ctor()
DA:9,0
DA:10,0
DA:11,0
DA:12,0
DA:13,0
DA:14,0
DA:16,0
DA:17,0
DA:18,0
DA:19,0
DA:20,0
LF:11
LH:0
BRF:0
BRH:0
FNF:1
FNH:0
end_of_record
SF:C:\VSProjects\Week3_ASPNETCore\Week3_ASPNETCore\AuthAPI\AuthAPI.Application\DTOs\LoginRequest.cs
FN:2,System.String AuthAPI.Application.DTOs.LoginRequest::get_Login()
FNDA:0,System.String AuthAPI.Application.DTOs.LoginRequest::get_Login()
DA:3,0
LF:1
LH:0
BRF:0
BRH:0
FNF:1
FNH:0
end_of_record
SF:C:\VSProjects\Week3_ASPNETCore\Week3_ASPNETCore\AuthAPI\AuthAPI.Application\DTOs\UserDto.cs
FN:6,System.String AuthAPI.Application.DTOs.UserDto::get_Id()
FNDA:0,System.String AuthAPI.Application.DTOs.UserDto::get_Id()
DA:7,0
FN:7,System.String AuthAPI.Application.DTOs.UserDto::get_UserName()
FNDA:0,System.String AuthAPI.Application.DTOs.UserDto::get_UserName()
DA:8,0
FN:8,System.Collections.Generic.IList`1<System.String> AuthAPI.Application.DTOs.UserDto::get_Roles()
FNDA:0,System.Collections.Generic.IList`1<System.String> AuthAPI.Application.DTOs.UserDto::get_Roles()
DA:9,0
FN:10,System.String AuthAPI.Application.DTOs.UserDto::get_Password()
FNDA:0,System.String AuthAPI.Application.DTOs.UserDto::get_Password()
DA:11,0
FN:11,System.String AuthAPI.Application.DTOs.UserDto::get_Email()
FNDA:0,System.String AuthAPI.Application.DTOs.UserDto::get_Email()
DA:12,0
LF:5
LH:0
BRF:0
BRH:0
FNF:5
FNH:0
end_of_record
SF:C:\VSProjects\Week3_ASPNETCore\Week3_ASPNETCore\AuthAPI\AuthAPI.Domain\Entities\ApplicationUser.cs
FN:9,System.String AuthAPI.Domain.Entities.ApplicationUser::get_FullName()
FNDA:8,System.String AuthAPI.Domain.Entities.ApplicationUser::get_FullName()
DA:10,8
FN:11,System.DateTime AuthAPI.Domain.Entities.ApplicationUser::get_CreatedAtUtc()
FNDA:3,System.DateTime AuthAPI.Domain.Entities.ApplicationUser::get_CreatedAtUtc()
DA:12,3
FN:12,System.Nullable`1<System.DateTime> AuthAPI.Domain.Entities.ApplicationUser::get_UpdatedAtUtc()
FNDA:0,System.Nullable`1<System.DateTime> AuthAPI.Domain.Entities.ApplicationUser::get_UpdatedAtUtc()
DA:13,0
LF:3
LH:2
BRF:0
BRH:0
FNF:3
FNH:2
end_of_record
SF:C:\VSProjects\Week3_ASPNETCore\Week3_ASPNETCore\AuthAPI\AuthAPI.Infrastructure\InfrastructureDependencyInjection.cs
FN:17,Microsoft.Extensions.DependencyInjection.IServiceCollection AuthAPI.Infrastructure.InfrastructureDependencyInjection::AddDataAccess(Microsoft.Extensions.DependencyInjection.IServiceCollection,Microsoft.Extensions.Configuration.IConfiguration)
FNDA:0,Microsoft.Extensions.DependencyInjection.IServiceCollection AuthAPI.Infrastructure.InfrastructureDependencyInjection::AddDataAccess(Microsoft.Extensions.DependencyInjection.IServiceCollection,Microsoft.Extensions.Configuration.IConfiguration)
DA:18,0
DA:19,0
DA:20,0
DA:21,0
DA:23,0
DA:24,0
FN:26,System.Void AuthAPI.Infrastructure.InfrastructureDependencyInjection::AddDatabaseAndRepo(Microsoft.Extensions.DependencyInjection.IServiceCollection,Microsoft.Extensions.Configuration.IConfiguration)
FNDA:0,System.Void AuthAPI.Infrastructure.InfrastructureDependencyInjection::AddDatabaseAndRepo(Microsoft.Extensions.DependencyInjection.IServiceCollection,Microsoft.Extensions.Configuration.IConfiguration)
DA:27,0
DA:28,0
DA:30,0
DA:31,0
DA:32,0
DA:33,0
DA:34,0
DA:35,0
DA:36,0
DA:38,0
DA:39,0
BRDA:30,32,0,0
BRDA:30,32,1,0
FN:41,System.Void AuthAPI.Infrastructure.InfrastructureDependencyInjection::AddServices(Microsoft.Extensions.DependencyInjection.IServiceCollection)
FNDA:0,System.Void AuthAPI.Infrastructure.InfrastructureDependencyInjection::AddServices(Microsoft.Extensions.DependencyInjection.IServiceCollection)
DA:42,0
DA:43,0
DA:44,0
DA:45,0
DA:46,0
DA:47,0
DA:48,0
DA:49,0
DA:50,0
DA:51,0
DA:52,0
DA:53,0
DA:54,0
DA:56,0
DA:57,0
FN:63,System.String AuthAPI.Infrastructure.InfrastructureDependencyInjection/DbSettings::get_ConnectionString()
FNDA:0,System.String AuthAPI.Infrastructure.InfrastructureDependencyInjection/DbSettings::get_ConnectionString()
DA:64,0
LF:33
LH:0
BRF:2
BRH:0
FNF:4
FNH:0
end_of_record
SF:C:\VSProjects\Week3_ASPNETCore\Week3_ASPNETCore\AuthAPI\AuthAPI.Infrastructure\Services\IdentityService.cs
FN:130,System.Threading.Tasks.Task`1<System.Collections.Generic.List`1<System.ValueTuple`4<System.String,System.String,System.String,System.Collections.Generic.IList`1<System.String>>>> AuthAPI.Infrastructure.Services.IdentityService::GetAllUsersDetailsAsync()
FNDA:0,System.Threading.Tasks.Task`1<System.Collections.Generic.List`1<System.ValueTuple`4<System.String,System.String,System.String,System.Collections.Generic.IList`1<System.String>>>> AuthAPI.Infrastructure.Services.IdentityService::GetAllUsersDetailsAsync()
DA:131,0
DA:132,0
FN:21,System.Void AuthAPI.Infrastructure.Services.IdentityService::.ctor(Microsoft.AspNetCore.Identity.UserManager`1<AuthAPI.Domain.Entities.ApplicationUser>,Microsoft.AspNetCore.Identity.SignInManager`1<AuthAPI.Domain.Entities.ApplicationUser>,Microsoft.AspNetCore.Identity.RoleManager`1<Microsoft.AspNetCore.Identity.IdentityRole>,AutoMapper.IMapper,Common.JwtHelperService.Interfaces.ITokenGenerator)
FNDA:10,System.Void AuthAPI.Infrastructure.Services.IdentityService::.ctor(Microsoft.AspNetCore.Identity.UserManager`1<AuthAPI.Domain.Entities.ApplicationUser>,Microsoft.AspNetCore.Identity.SignInManager`1<AuthAPI.Domain.Entities.ApplicationUser>,Microsoft.AspNetCore.Identity.RoleManager`1<Microsoft.AspNetCore.Identity.IdentityRole>,AutoMapper.IMapper,Common.JwtHelperService.Interfaces.ITokenGenerator)
DA:22,10
DA:23,10
DA:24,10
DA:25,10
DA:26,10
DA:27,10
DA:28,10
DA:29,10
DA:30,10
FN:48,System.String AuthAPI.Infrastructure.Services.IdentityService/<>c::<CreateRoleAsync>b__7_0(Microsoft.AspNetCore.Identity.IdentityError)
FNDA:3,System.String AuthAPI.Infrastructure.Services.IdentityService/<>c::<CreateRoleAsync>b__7_0(Microsoft.AspNetCore.Identity.IdentityError)
DA:49,3
FN:68,System.String AuthAPI.Infrastructure.Services.IdentityService/<>c::<CreateUserAsync>b__8_0(Microsoft.AspNetCore.Identity.IdentityError)
FNDA:3,System.String AuthAPI.Infrastructure.Services.IdentityService/<>c::<CreateUserAsync>b__8_0(Microsoft.AspNetCore.Identity.IdentityError)
DA:69,3
FN:74,System.String AuthAPI.Infrastructure.Services.IdentityService/<>c::<CreateUserAsync>b__8_2(Microsoft.AspNetCore.Identity.IdentityError)
FNDA:3,System.String AuthAPI.Infrastructure.Services.IdentityService/<>c::<CreateUserAsync>b__8_2(Microsoft.AspNetCore.Identity.IdentityError)
DA:75,3
FN:94,System.String AuthAPI.Infrastructure.Services.IdentityService/<>c::<DeleteRoleAsync>b__9_0(Microsoft.AspNetCore.Identity.IdentityError)
FNDA:0,System.String AuthAPI.Infrastructure.Services.IdentityService/<>c::<DeleteRoleAsync>b__9_0(Microsoft.AspNetCore.Identity.IdentityError)
DA:95,0
FN:126,System.ValueTuple`4<System.String,System.String,System.String,System.String> AuthAPI.Infrastructure.Services.IdentityService/<>c::<GetAllUsersAsync>b__11_0(<>f__AnonymousType9`4<System.String,System.String,System.String,System.String>)
FNDA:0,System.ValueTuple`4<System.String,System.String,System.String,System.String> AuthAPI.Infrastructure.Services.IdentityService/<>c::<GetAllUsersAsync>b__11_0(<>f__AnonymousType9`4<System.String,System.String,System.String,System.String>)
DA:127,0
FN:147,System.ValueTuple`2<System.String,System.String> AuthAPI.Infrastructure.Services.IdentityService/<>c::<GetRolesAsync>b__13_0(<>f__AnonymousType10`2<System.String,System.String>)
FNDA:0,System.ValueTuple`2<System.String,System.String> AuthAPI.Infrastructure.Services.IdentityService/<>c::<GetRolesAsync>b__13_0(<>f__AnonymousType10`2<System.String,System.String>)
DA:148,0
FN:32,System.Void AuthAPI.Infrastructure.Services.IdentityService/<AssignUserToRole>d__6::MoveNext()
FNDA:0,System.Void AuthAPI.Infrastructure.Services.IdentityService/<AssignUserToRole>d__6::MoveNext()
DA:33,0
DA:34,0
DA:35,0
DA:36,0
DA:37,0
DA:40,0
DA:41,0
DA:42,0
BRDA:35,319,0,0
BRDA:35,319,1,0
FN:44,System.Void AuthAPI.Infrastructure.Services.IdentityService/<CreateRoleAsync>d__7::MoveNext()
FNDA:2,System.Void AuthAPI.Infrastructure.Services.IdentityService/<CreateRoleAsync>d__7::MoveNext()
DA:45,2
DA:46,2
DA:47,2
DA:48,1
DA:51,1
DA:52,2
BRDA:47,174,0,1
BRDA:47,174,1,1
FN:56,System.Void AuthAPI.Infrastructure.Services.IdentityService/<CreateUserAsync>d__8::MoveNext()
FNDA:3,System.Void AuthAPI.Infrastructure.Services.IdentityService/<CreateUserAsync>d__8::MoveNext()
DA:57,3
DA:58,3
DA:59,3
DA:60,3
DA:61,3
DA:62,3
DA:63,3
DA:65,3
DA:67,3
DA:68,1
DA:72,2
DA:73,2
DA:74,1
DA:77,1
DA:78,3
BRDA:67,239,0,1
BRDA:67,239,1,2
BRDA:73,509,0,1
BRDA:73,509,1,1
FN:80,System.Void AuthAPI.Infrastructure.Services.IdentityService/<DeleteRoleAsync>d__9::MoveNext()
FNDA:3,System.Void AuthAPI.Infrastructure.Services.IdentityService/<DeleteRoleAsync>d__9::MoveNext()
DA:81,3
DA:82,3
DA:83,3
DA:84,1
DA:85,1
DA:88,2
DA:89,1
DA:90,1
DA:92,1
DA:93,1
DA:94,0
DA:97,1
DA:98,3
BRDA:83,175,0,1
BRDA:83,175,1,2
BRDA:88,219,0,1
BRDA:88,219,1,1
BRDA:93,395,0,0
BRDA:93,395,1,1
FN:100,System.Void AuthAPI.Infrastructure.Services.IdentityService/<DeleteUserAsync>d__10::MoveNext()
FNDA:0,System.Void AuthAPI.Infrastructure.Services.IdentityService/<DeleteUserAsync>d__10::MoveNext()
DA:101,0
DA:102,0
DA:103,0
DA:104,0
DA:105,0
DA:108,0
DA:109,0
DA:110,0
DA:113,0
DA:114,0
DA:115,0
BRDA:103,319,0,0
BRDA:103,319,1,0
BRDA:108,359,0,0
BRDA:108,359,1,0
BRDA:108,389,0,0
BRDA:108,389,1,0
FN:117,System.Void AuthAPI.Infrastructure.Services.IdentityService/<GetAllUsersAsync>d__11::MoveNext()
FNDA:0,System.Void AuthAPI.Infrastructure.Services.IdentityService/<GetAllUsersAsync>d__11::MoveNext()
DA:118,0
DA:119,0
DA:120,0
DA:121,0
DA:122,0
DA:123,0
DA:124,0
DA:125,0
DA:128,0
FN:271,System.Void AuthAPI.Infrastructure.Services.IdentityService/<GetRoleByIdAsync>d__23::MoveNext()
FNDA:0,System.Void AuthAPI.Infrastructure.Services.IdentityService/<GetRoleByIdAsync>d__23::MoveNext()
DA:272,0
DA:273,0
DA:274,0
DA:275,0
DA:276,0
DA:278,0
DA:279,0
BRDA:274,164,0,0
BRDA:274,164,1,0
FN:140,System.Void AuthAPI.Infrastructure.Services.IdentityService/<GetRolesAsync>d__13::MoveNext()
FNDA:0,System.Void AuthAPI.Infrastructure.Services.IdentityService/<GetRolesAsync>d__13::MoveNext()
DA:141,0
DA:142,0
DA:143,0
DA:144,0
DA:145,0
DA:146,0
DA:149,0
FN:151,System.Void AuthAPI.Infrastructure.Services.IdentityService/<GetUserDetailsAsync>d__14::MoveNext()
FNDA:0,System.Void AuthAPI.Infrastructure.Services.IdentityService/<GetUserDetailsAsync>d__14::MoveNext()
DA:152,0
DA:153,0
DA:154,0
DA:155,0
DA:156,0
DA:158,0
DA:159,0
DA:160,0
DA:161,0
BRDA:154,319,0,0
BRDA:154,319,1,0
FN:163,System.Void AuthAPI.Infrastructure.Services.IdentityService/<GetUserDetailsByUserNameAsync>d__15::MoveNext()
FNDA:0,System.Void AuthAPI.Infrastructure.Services.IdentityService/<GetUserDetailsByUserNameAsync>d__15::MoveNext()
DA:164,0
DA:165,0
DA:166,0
DA:167,0
DA:168,0
DA:170,0
DA:171,0
DA:172,0
DA:173,0
BRDA:166,319,0,0
BRDA:166,319,1,0
FN:175,System.Void AuthAPI.Infrastructure.Services.IdentityService/<GetUserIdAsync>d__16::MoveNext()
FNDA:0,System.Void AuthAPI.Infrastructure.Services.IdentityService/<GetUserIdAsync>d__16::MoveNext()
DA:176,0
DA:177,0
DA:178,0
DA:179,0
DA:180,0
DA:184,0
DA:185,0
BRDA:178,319,0,0
BRDA:178,319,1,0
FN:187,System.Void AuthAPI.Infrastructure.Services.IdentityService/<GetUserNameAsync>d__17::MoveNext()
FNDA:0,System.Void AuthAPI.Infrastructure.Services.IdentityService/<GetUserNameAsync>d__17::MoveNext()
DA:188,0
DA:189,0
DA:190,0
DA:191,0
DA:192,0
DA:195,0
DA:196,0
BRDA:190,319,0,0
BRDA:190,319,1,0
FN:198,System.Void AuthAPI.Infrastructure.Services.IdentityService/<GetUserRolesAsync>d__18::MoveNext()
FNDA:0,System.Void AuthAPI.Infrastructure.Services.IdentityService/<GetUserRolesAsync>d__18::MoveNext()
DA:199,0
DA:200,0
DA:201,0
DA:202,0
DA:203,0
DA:205,0
DA:206,0
DA:207,0
BRDA:201,319,0,0
BRDA:201,319,1,0
FN:209,System.Void AuthAPI.Infrastructure.Services.IdentityService/<IsInRoleAsync>d__19::MoveNext()
FNDA:0,System.Void AuthAPI.Infrastructure.Services.IdentityService/<IsInRoleAsync>d__19::MoveNext()
DA:210,0
DA:211,0
DA:213,0
DA:214,0
DA:215,0
DA:217,0
DA:218,0
BRDA:213,319,0,0
BRDA:213,319,1,0
FN:220,System.Void AuthAPI.Infrastructure.Services.IdentityService/<IsUniqueUserName>d__20::MoveNext()
FNDA:2,System.Void AuthAPI.Infrastructure.Services.IdentityService/<IsUniqueUserName>d__20::MoveNext()
DA:221,2
DA:222,2
DA:223,2
FN:225,System.Void AuthAPI.Infrastructure.Services.IdentityService/<SigninUserAsync>d__21::MoveNext()
FNDA:0,System.Void AuthAPI.Infrastructure.Services.IdentityService/<SigninUserAsync>d__21::MoveNext()
DA:226,0
DA:227,0
DA:228,0
DA:229,0
DA:231,0
DA:232,0
DA:233,0
DA:234,0
DA:235,0
DA:238,0
DA:239,0
DA:240,0
DA:241,0
DA:242,0
DA:245,0
DA:246,0
DA:248,0
DA:249,0
DA:252,0
DA:253,0
DA:254,0
DA:255,0
BRDA:228,99,0,0
BRDA:228,99,1,0
BRDA:229,127,0,0
BRDA:229,127,1,0
BRDA:232,298,0,0
BRDA:234,308,0,0
BRDA:234,308,1,0
BRDA:232,298,1,0
BRDA:239,509,0,0
BRDA:241,519,0,0
BRDA:241,519,1,0
BRDA:239,509,1,0
BRDA:246,703,0,0
BRDA:246,703,1,0
BRDA:249,861,0,0
BRDA:249,861,1,0
BRDA:253,1094,0,0
BRDA:253,1094,1,0
FN:281,System.Void AuthAPI.Infrastructure.Services.IdentityService/<UpdateRole>d__24::MoveNext()
FNDA:0,System.Void AuthAPI.Infrastructure.Services.IdentityService/<UpdateRole>d__24::MoveNext()
DA:282,0
DA:283,0
DA:284,0
DA:285,0
DA:286,0
DA:287,0
DA:288,0
DA:290,0
DA:291,0
DA:292,0
DA:295,0
DA:296,0
BRDA:283,42,0,0
BRDA:286,198,0,0
BRDA:286,198,1,0
BRDA:283,42,1,0
FN:257,System.Void AuthAPI.Infrastructure.Services.IdentityService/<UpdateUserProfile>d__22::MoveNext()
FNDA:0,System.Void AuthAPI.Infrastructure.Services.IdentityService/<UpdateUserProfile>d__22::MoveNext()
DA:258,0
DA:259,0
DA:260,0
DA:261,0
DA:262,0
DA:264,0
DA:265,0
DA:266,0
DA:268,0
DA:269,0
BRDA:260,175,0,0
BRDA:260,175,1,0
FN:298,System.Void AuthAPI.Infrastructure.Services.IdentityService/<UpdateUsersRole>d__25::MoveNext()
FNDA:0,System.Void AuthAPI.Infrastructure.Services.IdentityService/<UpdateUsersRole>d__25::MoveNext()
DA:299,0
DA:300,0
DA:301,0
DA:302,0
DA:303,0
DA:305,0
DA:306,0
DA:307,0
DA:309,0
DA:310,0
BRDA:301,198,0,0
BRDA:301,198,1,0
LF:197
LH:48
BRF:60
BRH:11
FNF:27
FNH:8
end_of_record
SF:C:\VSProjects\Week3_ASPNETCore\Week3_ASPNETCore\AuthAPI\AuthAPI.Infrastructure\Repositories\AuditableInterceptor.cs
FN:12,System.Void AuthAPI.Infrastructure.Repositories.AuditableInterceptor/<SavingChangesAsync>d__0::MoveNext()
FNDA:0,System.Void AuthAPI.Infrastructure.Repositories.AuditableInterceptor/<SavingChangesAsync>d__0::MoveNext()
DA:13,0
DA:14,0
DA:15,0
DA:17,0
DA:18,0
DA:19,0
DA:20,0
DA:21,0
DA:22,0
DA:23,0
DA:24,0
DA:25,0
DA:26,0
DA:27,0
DA:29,0
DA:30,0
BRDA:17,205,1,0
BRDA:19,111,0,0
BRDA:19,111,1,0
BRDA:23,155,0,0
BRDA:23,155,1,0
BRDA:17,205,0,0
LF:16
LH:0
BRF:6
BRH:0
FNF:1
FNH:0
end_of_record
SF:C:\VSProjects\Week3_ASPNETCore\Week3_ASPNETCore\AuthAPI\AuthAPI.Infrastructure\Repositories\UserRepository.cs
FN:20,System.Void AuthAPI.Infrastructure.Repositories.UserRepository::.ctor(AuthAPI.Infrastructure.Repositories.UsersDbContext,AutoMapper.IMapper,Microsoft.AspNetCore.Identity.UserManager`1<AuthAPI.Domain.Entities.ApplicationUser>,Microsoft.AspNetCore.Identity.SignInManager`1<AuthAPI.Domain.Entities.ApplicationUser>,Microsoft.AspNetCore.Identity.RoleManager`1<Microsoft.AspNetCore.Identity.IdentityRole>)
FNDA:0,System.Void AuthAPI.Infrastructure.Repositories.UserRepository::.ctor(AuthAPI.Infrastructure.Repositories.UsersDbContext,AutoMapper.IMapper,Microsoft.AspNetCore.Identity.UserManager`1<AuthAPI.Domain.Entities.ApplicationUser>,Microsoft.AspNetCore.Identity.SignInManager`1<AuthAPI.Domain.Entities.ApplicationUser>,Microsoft.AspNetCore.Identity.RoleManager`1<Microsoft.AspNetCore.Identity.IdentityRole>)
DA:21,0
DA:22,0
DA:23,0
DA:24,0
DA:25,0
DA:26,0
DA:27,0
DA:28,0
DA:29,0
FN:31,System.Void AuthAPI.Infrastructure.Repositories.UserRepository/<AddAsync>d__7::MoveNext()
FNDA:0,System.Void AuthAPI.Infrastructure.Repositories.UserRepository/<AddAsync>d__7::MoveNext()
DA:32,0
DA:33,0
DA:34,0
DA:35,0
DA:36,0
DA:37,0
DA:38,0
DA:39,0
DA:41,0
DA:42,0
DA:43,0
DA:44,0
DA:46,0
DA:47,0
DA:48,0
DA:49,0
DA:50,0
DA:51,0
DA:53,0
DA:54,0
DA:55,0
DA:59,0
DA:60,0
BRDA:41,255,0,0
BRDA:41,255,1,0
BRDA:41,278,0,0
BRDA:41,278,1,0
BRDA:47,603,1,0
BRDA:47,603,0,0
BRDA:53,661,0,0
BRDA:53,661,1,0
BRDA:59,695,0,0
BRDA:59,695,1,0
FN:69,System.Void AuthAPI.Infrastructure.Repositories.UserRepository/<DeleteAsync>d__9::MoveNext()
FNDA:0,System.Void AuthAPI.Infrastructure.Repositories.UserRepository/<DeleteAsync>d__9::MoveNext()
DA:70,0
DA:71,0
DA:72,0
DA:73,0
DA:75,0
DA:76,0
DA:77,0
DA:78,0
BRDA:72,204,0,0
BRDA:72,204,1,0
FN:90,System.Void AuthAPI.Infrastructure.Repositories.UserRepository/<GetAllAsync>d__12::MoveNext()
FNDA:0,System.Void AuthAPI.Infrastructure.Repositories.UserRepository/<GetAllAsync>d__12::MoveNext()
DA:91,0
DA:92,0
DA:93,0
DA:94,0
FN:80,System.Void AuthAPI.Infrastructure.Repositories.UserRepository/<GetByIdAsync>d__10::MoveNext()
FNDA:0,System.Void AuthAPI.Infrastructure.Repositories.UserRepository/<GetByIdAsync>d__10::MoveNext()
DA:81,0
DA:82,0
DA:83,0
FN:85,System.Void AuthAPI.Infrastructure.Repositories.UserRepository/<Login>d__11::MoveNext()
FNDA:0,System.Void AuthAPI.Infrastructure.Repositories.UserRepository/<Login>d__11::MoveNext()
DA:86,0
DA:87,0
FN:62,System.Void AuthAPI.Infrastructure.Repositories.UserRepository/<UpdateAsync>d__8::MoveNext()
FNDA:0,System.Void AuthAPI.Infrastructure.Repositories.UserRepository/<UpdateAsync>d__8::MoveNext()
DA:63,0
DA:64,0
DA:65,0
DA:66,0
DA:67,0
LF:54
LH:0
BRF:12
BRH:0
FNF:7
FNH:0
end_of_record
SF:C:\VSProjects\Week3_ASPNETCore\Week3_ASPNETCore\AuthAPI\AuthAPI.Infrastructure\Repositories\UsersDbContext.cs
FN:9,System.Void AuthAPI.Infrastructure.Repositories.UsersDbContext::.ctor(Microsoft.EntityFrameworkCore.DbContextOptions`1<AuthAPI.Infrastructure.Repositories.UsersDbContext>)
FNDA:0,System.Void AuthAPI.Infrastructure.Repositories.UsersDbContext::.ctor(Microsoft.EntityFrameworkCore.DbContextOptions`1<AuthAPI.Infrastructure.Repositories.UsersDbContext>)
DA:10,0
DA:11,0
DA:12,0
LF:3
LH:0
BRF:0
BRH:0
FNF:1
FNH:0
end_of_record
SF:C:\VSProjects\Week3_ASPNETCore\Week3_ASPNETCore\AuthAPI\AuthAPI.Infrastructure\Repositories\UsersSeedService.cs
FN:13,System.Void AuthAPI.Infrastructure.Repositories.UsersSeedService/<SeedAsync>d__0::MoveNext()
FNDA:0,System.Void AuthAPI.Infrastructure.Repositories.UsersSeedService/<SeedAsync>d__0::MoveNext()
DA:14,0
DA:15,0
DA:16,0
DA:17,0
DA:19,0
DA:21,0
DA:22,0
DA:23,0
DA:26,0
DA:27,0
DA:28,0
DA:29,0
DA:31,0
DA:32,0
DA:33,0
DA:34,0
DA:36,0
DA:37,0
DA:38,0
DA:39,0
DA:41,0
DA:42,0
DA:43,0
DA:44,0
DA:45,0
DA:46,0
DA:47,0
DA:48,0
DA:49,0
DA:50,0
DA:51,0
DA:52,0
DA:53,0
DA:54,0
DA:56,0
DA:57,0
DA:58,0
DA:59,0
DA:60,0
DA:61,0
DA:63,0
DA:64,0
DA:65,0
DA:66,0
DA:68,0
DA:69,0
DA:70,0
DA:71,0
DA:72,0
DA:73,0
DA:75,0
DA:76,0
DA:88,0
DA:89,0
BRDA:21,651,0,0
BRDA:21,651,1,0
LF:54
LH:0
BRF:2
BRH:0
FNF:1
FNH:0
end_of_record
SF:C:\VSProjects\Week3_ASPNETCore\Week3_ASPNETCore\AuthAPI\AuthAPI.Infrastructure\Migrations\20260320145541_Initial.cs
FN:13,System.Void AuthAPI.Infrastructure.Migrations.Initial::Up(Microsoft.EntityFrameworkCore.Migrations.MigrationBuilder)
FNDA:0,System.Void AuthAPI.Infrastructure.Migrations.Initial::Up(Microsoft.EntityFrameworkCore.Migrations.MigrationBuilder)
DA:14,0
DA:15,0
DA:16,0
DA:18,0
DA:19,0
DA:20,0
DA:21,0
DA:22,0
DA:23,0
DA:24,0
DA:25,0
DA:26,0
DA:27,0
DA:28,0
DA:29,0
DA:30,0
DA:31,0
DA:32,0
DA:33,0
DA:34,0
DA:35,0
DA:37,0
DA:38,0
DA:39,0
DA:40,0
DA:41,0
DA:42,0
DA:43,0
DA:44,0
DA:45,0
DA:46,0
DA:47,0
DA:48,0
DA:49,0
DA:50,0
DA:51,0
DA:52,0
DA:53,0
DA:54,0
DA:55,0
DA:56,0
DA:57,0
DA:58,0
DA:59,0
DA:60,0
DA:61,0
DA:62,0
DA:63,0
DA:64,0
DA:65,0
DA:66,0
DA:67,0
DA:68,0
DA:69,0
DA:70,0
DA:71,0
DA:72,0
DA:73,0
DA:74,0
DA:76,0
DA:77,0
DA:78,0
DA:79,0
DA:80,0
DA:81,0
DA:82,0
DA:83,0
DA:84,0
DA:85,0
DA:86,0
DA:87,0
DA:88,0
DA:89,0
DA:90,0
DA:91,0
DA:92,0
DA:93,0
DA:94,0
DA:95,0
DA:96,0
DA:97,0
DA:98,0
DA:99,0
DA:101,0
DA:102,0
DA:103,0
DA:104,0
DA:105,0
DA:106,0
DA:107,0
DA:108,0
DA:109,0
DA:110,0
DA:111,0
DA:112,0
DA:113,0
DA:114,0
DA:115,0
DA:116,0
DA:117,0
DA:118,0
DA:119,0
DA:120,0
DA:121,0
DA:122,0
DA:123,0
DA:124,0
DA:126,0
DA:127,0
DA:128,0
DA:129,0
DA:130,0
DA:131,0
DA:132,0
DA:133,0
DA:134,0
DA:135,0
DA:136,0
DA:137,0
DA:138,0
DA:139,0
DA:140,0
DA:141,0
DA:142,0
DA:143,0
DA:144,0
DA:145,0
DA:146,0
DA:147,0
DA:148,0
DA:149,0
DA:151,0
DA:152,0
DA:153,0
DA:154,0
DA:155,0
DA:156,0
DA:157,0
DA:158,0
DA:159,0
DA:160,0
DA:161,0
DA:162,0
DA:163,0
DA:164,0
DA:165,0
DA:166,0
DA:167,0
DA:168,0
DA:169,0
DA:170,0
DA:171,0
DA:172,0
DA:173,0
DA:174,0
DA:175,0
DA:176,0
DA:178,0
DA:179,0
DA:180,0
DA:181,0
DA:182,0
DA:183,0
DA:184,0
DA:185,0
DA:186,0
DA:187,0
DA:188,0
DA:189,0
DA:190,0
DA:191,0
DA:192,0
DA:193,0
DA:194,0
DA:195,0
DA:196,0
DA:197,0
DA:198,0
DA:199,0
DA:200,0
DA:201,0
DA:203,0
DA:204,0
DA:205,0
DA:206,0
DA:208,0
DA:209,0
DA:210,0
DA:211,0
DA:212,0
DA:214,0
DA:215,0
DA:216,0
DA:217,0
DA:219,0
DA:220,0
DA:221,0
DA:222,0
DA:224,0
DA:225,0
DA:226,0
DA:227,0
DA:229,0
DA:230,0
DA:231,0
DA:232,0
DA:234,0
DA:235,0
DA:236,0
DA:237,0
DA:238,0
DA:239,0
FN:242,System.Void AuthAPI.Infrastructure.Migrations.Initial::Down(Microsoft.EntityFrameworkCore.Migrations.MigrationBuilder)
FNDA:0,System.Void AuthAPI.Infrastructure.Migrations.Initial::Down(Microsoft.EntityFrameworkCore.Migrations.MigrationBuilder)
DA:243,0
DA:244,0
DA:245,0
DA:247,0
DA:248,0
DA:250,0
DA:251,0
DA:253,0
DA:254,0
DA:256,0
DA:257,0
DA:259,0
DA:260,0
DA:262,0
DA:263,0
DA:264,0
LF:228
LH:0
BRF:0
BRH:0
FNF:2
FNH:0
end_of_record
SF:C:\VSProjects\Week3_ASPNETCore\Week3_ASPNETCore\AuthAPI\AuthAPI.Infrastructure\Migrations\20260320145541_Initial.Designer.cs
FN:19,System.Void AuthAPI.Infrastructure.Migrations.Initial::BuildTargetModel(Microsoft.EntityFrameworkCore.ModelBuilder)
FNDA:0,System.Void AuthAPI.Infrastructure.Migrations.Initial::BuildTargetModel(Microsoft.EntityFrameworkCore.ModelBuilder)
DA:20,0
DA:22,0
DA:23,0
DA:24,0
DA:26,0
DA:28,0
DA:29,0
DA:30,0
DA:31,0
DA:32,0
DA:33,0
DA:34,0
DA:35,0
DA:36,0
DA:37,0
DA:38,0
DA:39,0
DA:40,0
DA:41,0
DA:42,0
DA:43,0
DA:44,0
DA:45,0
DA:46,0
DA:47,0
DA:48,0
DA:49,0
DA:50,0
DA:51,0
DA:52,0
DA:53,0
DA:54,0
DA:55,0
DA:56,0
DA:57,0
DA:58,0
DA:59,0
DA:60,0
DA:61,0
DA:62,0
DA:63,0
DA:64,0
DA:65,0
DA:66,0
DA:67,0
DA:68,0
DA:69,0
DA:70,0
DA:71,0
DA:72,0
DA:73,0
DA:74,0
DA:75,0
DA:76,0
DA:77,0
DA:78,0
DA:79,0
DA:80,0
DA:81,0
DA:82,0
DA:83,0
DA:84,0
DA:85,0
DA:86,0
DA:87,0
DA:88,0
DA:89,0
DA:90,0
DA:91,0
DA:92,0
DA:93,0
DA:94,0
DA:95,0
DA:96,0
DA:97,0
DA:98,0
DA:99,0
DA:100,0
DA:102,0
DA:103,0
DA:104,0
DA:105,0
DA:106,0
DA:107,0
DA:108,0
DA:109,0
DA:110,0
DA:111,0
DA:112,0
DA:113,0
DA:114,0
DA:115,0
DA:116,0
DA:117,0
DA:118,0
DA:119,0
DA:120,0
DA:121,0
DA:122,0
DA:123,0
DA:124,0
DA:125,0
DA:126,0
DA:128,0
DA:129,0
DA:130,0
DA:131,0
DA:132,0
DA:133,0
DA:134,0
DA:135,0
DA:136,0
DA:137,0
DA:138,0
DA:139,0
DA:140,0
DA:141,0
DA:142,0
DA:143,0
DA:144,0
DA:145,0
DA:146,0
DA:147,0
DA:148,0
DA:149,0
DA:150,0
DA:151,0
DA:153,0
DA:154,0
DA:155,0
DA:156,0
DA:157,0
DA:158,0
DA:159,0
DA:160,0
DA:161,0
DA:162,0
DA:163,0
DA:164,0
DA:165,0
DA:166,0
DA:167,0
DA:168,0
DA:169,0
DA:170,0
DA:171,0
DA:172,0
DA:173,0
DA:174,0
DA:175,0
DA:176,0
DA:178,0
DA:179,0
DA:180,0
DA:181,0
DA:182,0
DA:183,0
DA:184,0
DA:185,0
DA:186,0
DA:187,0
DA:188,0
DA:189,0
DA:190,0
DA:191,0
DA:192,0
DA:193,0
DA:194,0
DA:195,0
DA:196,0
DA:197,0
DA:198,0
DA:200,0
DA:201,0
DA:202,0
DA:203,0
DA:204,0
DA:205,0
DA:206,0
DA:207,0
DA:208,0
DA:209,0
DA:210,0
DA:211,0
DA:212,0
DA:213,0
DA:215,0
DA:216,0
DA:217,0
DA:218,0
DA:219,0
DA:220,0
DA:221,0
DA:222,0
DA:223,0
DA:224,0
DA:225,0
DA:226,0
DA:227,0
DA:228,0
DA:229,0
DA:230,0
DA:231,0
DA:232,0
DA:234,0
DA:235,0
DA:236,0
DA:237,0
DA:238,0
DA:239,0
DA:240,0
DA:241,0
DA:243,0
DA:244,0
DA:245,0
DA:246,0
DA:247,0
DA:248,0
DA:249,0
DA:250,0
DA:252,0
DA:253,0
DA:254,0
DA:255,0
DA:256,0
DA:257,0
DA:258,0
DA:259,0
DA:261,0
DA:262,0
DA:263,0
DA:264,0
DA:265,0
DA:266,0
DA:267,0
DA:268,0
DA:269,0
DA:270,0
DA:271,0
DA:272,0
DA:273,0
DA:274,0
DA:276,0
DA:277,0
DA:278,0
DA:279,0
DA:280,0
DA:281,0
DA:282,0
DA:283,0
DA:285,0
LF:251
LH:0
BRF:0
BRH:0
FNF:1
FNH:0
end_of_record
SF:C:\VSProjects\Week3_ASPNETCore\Week3_ASPNETCore\AuthAPI\AuthAPI.Infrastructure\Migrations\UsersDbContextModelSnapshot.cs
FN:16,System.Void AuthAPI.Infrastructure.Migrations.UsersDbContextModelSnapshot::BuildModel(Microsoft.EntityFrameworkCore.ModelBuilder)
FNDA:0,System.Void AuthAPI.Infrastructure.Migrations.UsersDbContextModelSnapshot::BuildModel(Microsoft.EntityFrameworkCore.ModelBuilder)
DA:17,0
DA:19,0
DA:20,0
DA:21,0
DA:23,0
DA:25,0
DA:26,0
DA:27,0
DA:28,0
DA:29,0
DA:30,0
DA:31,0
DA:32,0
DA:33,0
DA:34,0
DA:35,0
DA:36,0
DA:37,0
DA:38,0
DA:39,0
DA:40,0
DA:41,0
DA:42,0
DA:43,0
DA:44,0
DA:45,0
DA:46,0
DA:47,0
DA:48,0
DA:49,0
DA:50,0
DA:51,0
DA:52,0
DA:53,0
DA:54,0
DA:55,0
DA:56,0
DA:57,0
DA:58,0
DA:59,0
DA:60,0
DA:61,0
DA:62,0
DA:63,0
DA:64,0
DA:65,0
DA:66,0
DA:67,0
DA:68,0
DA:69,0
DA:70,0
DA:71,0
DA:72,0
DA:73,0
DA:74,0
DA:75,0
DA:76,0
DA:77,0
DA:78,0
DA:79,0
DA:80,0
DA:81,0
DA:82,0
DA:83,0
DA:84,0
DA:85,0
DA:86,0
DA:87,0
DA:88,0
DA:89,0
DA:90,0
DA:91,0
DA:92,0
DA:93,0
DA:94,0
DA:95,0
DA:96,0
DA:97,0
DA:99,0
DA:100,0
DA:101,0
DA:102,0
DA:103,0
DA:104,0
DA:105,0
DA:106,0
DA:107,0
DA:108,0
DA:109,0
DA:110,0
DA:111,0
DA:112,0
DA:113,0
DA:114,0
DA:115,0
DA:116,0
DA:117,0
DA:118,0
DA:119,0
DA:120,0
DA:121,0
DA:122,0
DA:123,0
DA:125,0
DA:126,0
DA:127,0
DA:128,0
DA:129,0
DA:130,0
DA:131,0
DA:132,0
DA:133,0
DA:134,0
DA:135,0
DA:136,0
DA:137,0
DA:138,0
DA:139,0
DA:140,0
DA:141,0
DA:142,0
DA:143,0
DA:144,0
DA:145,0
DA:146,0
DA:147,0
DA:148,0
DA:150,0
DA:151,0
DA:152,0
DA:153,0
DA:154,0
DA:155,0
DA:156,0
DA:157,0
DA:158,0
DA:159,0
DA:160,0
DA:161,0
DA:162,0
DA:163,0
DA:164,0
DA:165,0
DA:166,0
DA:167,0
DA:168,0
DA:169,0
DA:170,0
DA:171,0
DA:172,0
DA:173,0
DA:175,0
DA:176,0
DA:177,0
DA:178,0
DA:179,0
DA:180,0
DA:181,0
DA:182,0
DA:183,0
DA:184,0
DA:185,0
DA:186,0
DA:187,0
DA:188,0
DA:189,0
DA:190,0
DA:191,0
DA:192,0
DA:193,0
DA:194,0
DA:195,0
DA:197,0
DA:198,0
DA:199,0
DA:200,0
DA:201,0
DA:202,0
DA:203,0
DA:204,0
DA:205,0
DA:206,0
DA:207,0
DA:208,0
DA:209,0
DA:210,0
DA:212,0
DA:213,0
DA:214,0
DA:215,0
DA:216,0
DA:217,0
DA:218,0
DA:219,0
DA:220,0
DA:221,0
DA:222,0
DA:223,0
DA:224,0
DA:225,0
DA:226,0
DA:227,0
DA:228,0
DA:229,0
DA:231,0
DA:232,0
DA:233,0
DA:234,0
DA:235,0
DA:236,0
DA:237,0
DA:238,0
DA:240,0
DA:241,0
DA:242,0
DA:243,0
DA:244,0
DA:245,0
DA:246,0
DA:247,0
DA:249,0
DA:250,0
DA:251,0
DA:252,0
DA:253,0
DA:254,0
DA:255,0
DA:256,0
DA:258,0
DA:259,0
DA:260,0
DA:261,0
DA:262,0
DA:263,0
DA:264,0
DA:265,0
DA:266,0
DA:267,0
DA:268,0
DA:269,0
DA:270,0
DA:271,0
DA:273,0
DA:274,0
DA:275,0
DA:276,0
DA:277,0
DA:278,0
DA:279,0
DA:280,0
DA:282,0
LF:251
LH:0
BRF:0
BRH:0
FNF:1
FNH:0
end_of_record
SF:C:\VSProjects\Week3_ASPNETCore\Week3_ASPNETCore\Common\JwtHelperService\JwtHelper.cs
FN:14,Microsoft.Extensions.DependencyInjection.IServiceCollection Common.JwtHelperService.JwtHelper::AddJwtData(Microsoft.Extensions.DependencyInjection.IServiceCollection,Microsoft.AspNetCore.Builder.WebApplicationBuilder)
FNDA:0,Microsoft.Extensions.DependencyInjection.IServiceCollection Common.JwtHelperService.JwtHelper::AddJwtData(Microsoft.Extensions.DependencyInjection.IServiceCollection,Microsoft.AspNetCore.Builder.WebApplicationBuilder)
DA:15,0
DA:16,0
DA:18,0
DA:19,0
DA:21,0
DA:22,0
FN:24,Microsoft.Extensions.DependencyInjection.IServiceCollection Common.JwtHelperService.JwtHelper::AddJwtAuthentication(Microsoft.Extensions.DependencyInjection.IServiceCollection,Microsoft.Extensions.Configuration.IConfiguration)
FNDA:0,Microsoft.Extensions.DependencyInjection.IServiceCollection Common.JwtHelperService.JwtHelper::AddJwtAuthentication(Microsoft.Extensions.DependencyInjection.IServiceCollection,Microsoft.Extensions.Configuration.IConfiguration)
DA:25,0
DA:27,0
DA:28,0
DA:29,0
DA:30,0
DA:32,0
DA:33,0
DA:34,0
DA:35,0
DA:36,0
DA:37,0
DA:38,0
DA:39,0
DA:40,0
DA:41,0
DA:42,0
DA:43,0
DA:44,0
DA:45,0
DA:46,0
DA:47,0
DA:48,0
DA:49,0
DA:50,0
DA:51,0
DA:52,0
DA:54,0
DA:56,0
DA:57,0
FN:59,Microsoft.Extensions.DependencyInjection.IServiceCollection Common.JwtHelperService.JwtHelper::AddClaimsAuthorization(Microsoft.Extensions.DependencyInjection.IServiceCollection)
FNDA:0,Microsoft.Extensions.DependencyInjection.IServiceCollection Common.JwtHelperService.JwtHelper::AddClaimsAuthorization(Microsoft.Extensions.DependencyInjection.IServiceCollection)
DA:60,0
DA:61,0
DA:62,0
DA:63,0
DA:64,0
DA:65,0
DA:66,0
DA:67,0
DA:68,0
DA:69,0
DA:70,0
DA:71,0
DA:72,0
DA:73,0
DA:74,0
DA:75,0
DA:76,0
DA:77,0
DA:78,0
DA:79,0
DA:80,0
DA:81,0
DA:82,0
DA:84,0
DA:85,0
LF:60
LH:0
BRF:0
BRH:0
FNF:3
FNH:0
end_of_record
SF:C:\VSProjects\Week3_ASPNETCore\Week3_ASPNETCore\Common\JwtHelperService\TokenGenerator.cs
FN:24,System.String Common.JwtHelperService.TokenGenerator::GenerateJwtToken(System.ValueTuple`3<System.String,System.String,System.Collections.Generic.IList`1<System.Security.Claims.Claim>>)
FNDA:0,System.String Common.JwtHelperService.TokenGenerator::GenerateJwtToken(System.ValueTuple`3<System.String,System.String,System.Collections.Generic.IList`1<System.Security.Claims.Claim>>)
DA:25,0
DA:26,0
DA:27,0
DA:29,0
DA:31,0
DA:32,0
DA:33,0
DA:34,0
DA:35,0
DA:36,0
DA:37,0
DA:38,0
DA:45,0
DA:46,0
DA:47,0
DA:48,0
DA:49,0
DA:50,0
DA:51,0
DA:53,0
DA:54,0
DA:55,0
FN:15,System.Void Common.JwtHelperService.TokenGenerator::.ctor(System.String,System.String,System.String,System.Int32)
FNDA:0,System.Void Common.JwtHelperService.TokenGenerator::.ctor(System.String,System.String,System.String,System.Int32)
DA:16,0
DA:17,0
DA:18,0
DA:19,0
DA:20,0
DA:21,0
DA:22,0
LF:29
LH:0
BRF:0
BRH:0
FNF:2
FNH:0
end_of_record
SF:C:\VSProjects\Week3_ASPNETCore\Week3_ASPNETCore\Common\JwtHelperService\Models\ClaimType.cs
FN:4,Common.JwtHelperService.Models.ClaimType/Scope Common.JwtHelperService.Models.ClaimType::get_Users()
FNDA:0,Common.JwtHelperService.Models.ClaimType/Scope Common.JwtHelperService.Models.ClaimType::get_Users()
DA:5,0
FN:5,Common.JwtHelperService.Models.ClaimType/Scope Common.JwtHelperService.Models.ClaimType::get_Authors()
FNDA:0,Common.JwtHelperService.Models.ClaimType/Scope Common.JwtHelperService.Models.ClaimType::get_Authors()
DA:6,0
FN:6,Common.JwtHelperService.Models.ClaimType/Scope Common.JwtHelperService.Models.ClaimType::get_Books()
FNDA:0,Common.JwtHelperService.Models.ClaimType/Scope Common.JwtHelperService.Models.ClaimType::get_Books()
DA:7,0
FN:7,Common.JwtHelperService.Models.ClaimType/Scope Common.JwtHelperService.Models.ClaimType::get_Categories()
FNDA:0,Common.JwtHelperService.Models.ClaimType/Scope Common.JwtHelperService.Models.ClaimType::get_Categories()
DA:8,0
FN:8,Common.JwtHelperService.Models.ClaimType/Scope Common.JwtHelperService.Models.ClaimType::get_Notification()
FNDA:0,Common.JwtHelperService.Models.ClaimType/Scope Common.JwtHelperService.Models.ClaimType::get_Notification()
DA:9,0
FN:12,System.String Common.JwtHelperService.Models.ClaimType/Scope::get_Read()
FNDA:0,System.String Common.JwtHelperService.Models.ClaimType/Scope::get_Read()
DA:13,0
FN:13,System.String Common.JwtHelperService.Models.ClaimType/Scope::get_Create()
FNDA:0,System.String Common.JwtHelperService.Models.ClaimType/Scope::get_Create()
DA:14,0
FN:14,System.String Common.JwtHelperService.Models.ClaimType/Scope::get_Update()
FNDA:0,System.String Common.JwtHelperService.Models.ClaimType/Scope::get_Update()
DA:15,0
FN:15,System.String Common.JwtHelperService.Models.ClaimType/Scope::get_Delete()
FNDA:0,System.String Common.JwtHelperService.Models.ClaimType/Scope::get_Delete()
DA:16,0
FN:10,System.Void Common.JwtHelperService.Models.ClaimType/Scope::.ctor(System.String)
FNDA:0,System.Void Common.JwtHelperService.Models.ClaimType/Scope::.ctor(System.String)
DA:11,0
LF:10
LH:0
BRF:0
BRH:0
FNF:10
FNH:0
end_of_record
SF:C:\VSProjects\Week3_ASPNETCore\Week3_ASPNETCore\Common\JwtHelperService\Models\JwtSettings.cs
FN:4,System.String Common.JwtHelperService.Models.JwtSettings::get_SecretKey()
FNDA:0,System.String Common.JwtHelperService.Models.JwtSettings::get_SecretKey()
DA:5,0
FN:5,System.String Common.JwtHelperService.Models.JwtSettings::get_Issuer()
FNDA:0,System.String Common.JwtHelperService.Models.JwtSettings::get_Issuer()
DA:6,0
FN:6,System.String Common.JwtHelperService.Models.JwtSettings::get_Audience()
FNDA:0,System.String Common.JwtHelperService.Models.JwtSettings::get_Audience()
DA:7,0
FN:7,System.Int32 Common.JwtHelperService.Models.JwtSettings::get_AccessTokenExpirationMinutes()
FNDA:0,System.Int32 Common.JwtHelperService.Models.JwtSettings::get_AccessTokenExpirationMinutes()
DA:8,0
FN:8,System.Int32 Common.JwtHelperService.Models.JwtSettings::get_RefreshTokenExpirationDays()
FNDA:0,System.Int32 Common.JwtHelperService.Models.JwtSettings::get_RefreshTokenExpirationDays()
DA:9,0
LF:5
LH:0
BRF:0
BRH:0
FNF:5
FNH:0
end_of_record
SF:C:\VSProjects\Week3_ASPNETCore\Week3_ASPNETCore\Common\OpenTelemetryService\OpenTelemetryExtensions.cs
FN:13,System.Void Common.OpenTelemetryService.OpenTelemetryExtensions::AddOpenTelemetryTracing(Microsoft.Extensions.DependencyInjection.IServiceCollection,Microsoft.Extensions.Configuration.IConfiguration)
FNDA:0,System.Void Common.OpenTelemetryService.OpenTelemetryExtensions::AddOpenTelemetryTracing(Microsoft.Extensions.DependencyInjection.IServiceCollection,Microsoft.Extensions.Configuration.IConfiguration)
DA:14,0
DA:15,0
DA:16,0
DA:18,0
DA:20,0
DA:21,0
DA:22,0
DA:23,0
DA:24,0
DA:25,0
DA:26,0
DA:27,0
DA:28,0
DA:29,0
DA:30,0
DA:31,0
DA:32,0
DA:33,0
DA:34,0
DA:35,0
DA:36,0
DA:37,0
DA:38,0
DA:39,0
DA:40,0
DA:41,0
DA:42,0
DA:43,0
DA:44,0
DA:45,0
DA:46,0
DA:47,0
DA:48,0
DA:49,0
DA:50,0
DA:51,0
DA:52,0
DA:53,0
DA:54,0
DA:55,0
DA:56,0
DA:57,0
DA:58,0
DA:59,0
DA:60,0
DA:61,0
DA:62,0
DA:63,0
DA:64,0
DA:65,0
DA:66,0
DA:67,0
DA:68,0
DA:69,0
DA:70,0
DA:71,0
DA:72,0
DA:73,0
DA:74,0
DA:75,0
DA:76,0
DA:77,0
DA:78,0
DA:79,0
DA:80,0
DA:81,0
DA:82,0
DA:83,0
DA:84,0
DA:85,0
DA:86,0
DA:87,0
DA:88,0
DA:89,0
DA:90,0
DA:91,0
DA:92,0
BRDA:39,27,0,0
BRDA:39,40,0,0
BRDA:39,53,0,0
BRDA:39,66,0,0
BRDA:39,27,1,0
BRDA:39,40,1,0
BRDA:39,53,1,0
BRDA:39,66,1,0
BRDA:22,72,0,0
BRDA:22,72,1,0
BRDA:84,265,0,0
BRDA:84,265,1,0
BRDA:87,282,0,0
BRDA:87,282,1,0
FN:94,OpenTelemetry.Metrics.MeterProviderBuilder Common.OpenTelemetryService.OpenTelemetryExtensions::WithInstrumentation(OpenTelemetry.Metrics.MeterProviderBuilder)
FNDA:0,OpenTelemetry.Metrics.MeterProviderBuilder Common.OpenTelemetryService.OpenTelemetryExtensions::WithInstrumentation(OpenTelemetry.Metrics.MeterProviderBuilder)
DA:95,0
DA:96,0
DA:97,0
FN:99,OpenTelemetry.Metrics.MeterProviderBuilder Common.OpenTelemetryService.OpenTelemetryExtensions::AddOpenTelemetryMetrics(Microsoft.Extensions.DependencyInjection.IServiceCollection,Microsoft.Extensions.Configuration.IConfiguration)
FNDA:0,OpenTelemetry.Metrics.MeterProviderBuilder Common.OpenTelemetryService.OpenTelemetryExtensions::AddOpenTelemetryMetrics(Microsoft.Extensions.DependencyInjection.IServiceCollection,Microsoft.Extensions.Configuration.IConfiguration)
DA:100,0
DA:102,0
DA:104,0
DA:105,0
DA:107,0
DA:108,0
DA:109,0
DA:110,0
DA:111,0
DA:112,0
DA:113,0
DA:114,0
DA:115,0
DA:116,0
DA:117,0
DA:118,0
DA:119,0
DA:120,0
DA:121,0
DA:122,0
DA:123,0
DA:124,0
DA:125,0
DA:126,0
DA:127,0
DA:128,0
DA:129,0
DA:130,0
DA:131,0
DA:132,0
DA:134,0
DA:135,0
BRDA:122,129,0,0
BRDA:122,129,1,0
BRDA:128,167,0,0
BRDA:128,167,1,0
LF:112
LH:0
BRF:18
BRH:0
FNF:3
FNH:0
end_of_record
SF:C:\VSProjects\Week3_ASPNETCore\Week3_ASPNETCore\Common\OpenTelemetryService\OpenTelemetryParameters.cs
FN:4,System.String Common.OpenTelemetryService.OpenTelemetryParameters::get_ServiceName()
FNDA:0,System.String Common.OpenTelemetryService.OpenTelemetryParameters::get_ServiceName()
DA:5,0
FN:5,System.String Common.OpenTelemetryService.OpenTelemetryParameters::get_ServiceVersion()
FNDA:0,System.String Common.OpenTelemetryService.OpenTelemetryParameters::get_ServiceVersion()
DA:6,0
FN:6,System.String Common.OpenTelemetryService.OpenTelemetryParameters::get_ActivitySourceName()
FNDA:0,System.String Common.OpenTelemetryService.OpenTelemetryParameters::get_ActivitySourceName()
DA:7,0
FN:7,System.String Common.OpenTelemetryService.OpenTelemetryParameters::get_Endpoint()
FNDA:0,System.String Common.OpenTelemetryService.OpenTelemetryParameters::get_Endpoint()
DA:8,0
FN:8,System.Boolean Common.OpenTelemetryService.OpenTelemetryParameters::get_IsUseConsole()
FNDA:0,System.Boolean Common.OpenTelemetryService.OpenTelemetryParameters::get_IsUseConsole()
DA:9,0
LF:5
LH:0
BRF:0
BRH:0
FNF:5
FNH:0
end_of_record